#
# A fatal error has been detected by the Java Runtime Environment:
#
#  EXCEPTION_ACCESS_VIOLATION (0xc0000005) at pc=0x00000000665a8461, pid=2856, tid=5756
#
# JRE version: Java(TM) SE Runtime Environment (8.0_72-b15) (build 1.8.0_72-b15)
# Java VM: Java HotSpot(TM) 64-Bit Server VM (25.72-b15 mixed mode windows-amd64 compressed oops)
# Problematic frame:
# C  [atio6axx.dll+0xbb8461]
#
# Failed to write core dump. Minidumps are not enabled by default on client versions of Windows
#
# If you would like to submit a bug report, please visit:
#   http://bugreport.java.com/bugreport/crash.jsp
# The crash happened outside the Java Virtual Machine in native code.
# See problematic frame for where to report the bug.
#

---------------  T H R E A D  ---------------

Current thread (0x0000000018170800):  JavaThread "LWJGL Application" [_thread_in_native, id=5756, stack(0x0000000018d90000,0x0000000018e90000)]

siginfo: ExceptionCode=0xc0000005, reading address 0x0000000000000000

Registers:
RAX=0x000000001bf21050, RBX=0x0000000000000000, RCX=0x0000000000000000, RDX=0x000000001b74ef30
RSP=0x0000000018e8dae0, RBP=0x000000001b74ef30, RSI=0x000000001bdfc3e0, RDI=0x0000000000000100
R8 =0x0000000000000000, R9 =0x0000000000000000, R10=0x0000000000000000, R11=0x0000000000000064
R12=0x000000001b74ef30, R13=0x000000001a4e4020, R14=0x00000000001ffe00, R15=0x00000000005d0c40
RIP=0x00000000665a8461, EFLAGS=0x0000000000010246

Top of Stack: (sp=0x0000000018e8dae0)
0x0000000018e8dae0:   000000001bf20e70 000000001d0fcea0
0x0000000018e8daf0:   00000000005d0c40 00000000005a0000
0x0000000018e8db00:   000000001b74ef30 00000000665a81b0
0x0000000018e8db10:   000000001c8b99d0 00000000005e4f10
0x0000000018e8db20:   000000000012c000 0000000000000000
0x0000000018e8db30:   000000001b74ef30 0000000066562935
0x0000000018e8db40:   00000000000dec00 0000000000000002
0x0000000018e8db50:   000000000012c000 000000001bd0e3e0
0x0000000018e8db60:   000000003f4ccccd 0000000000000000
0x0000000018e8db70:   000000001b74ef30 0000000066562c11
0x0000000018e8db80:   0000000000000002 000000000012c000
0x0000000018e8db90:   0000000000000002 0000000018e8dbd0
0x0000000018e8dba0:   000000000012c000 000000006652ad31
0x0000000018e8dbb0:   0000000100000000 0000000000000002
0x0000000018e8dbc0:   000000003f4ccccd 0000000000000000
0x0000000018e8dbd0:   000000001a4e4020 000000001b74ef30 

Instructions: (pc=0x00000000665a8461)
0x00000000665a8441:   74 36 66 66 66 66 66 0f 1f 84 00 00 00 00 00 48
0x00000000665a8451:   8b 33 48 8b 5b 08 45 33 c0 48 8b 4e 20 48 8b d5
0x00000000665a8461:   48 8b 01 ff 10 85 c0 74 0a 48 8b 46 18 8b 48 08
0x00000000665a8471:   48 03 f9 48 85 db 75 d7 49 8d 04 3e eb 0c 4c 8b 


Register to memory mapping:

RAX=0x000000001bf21050 is an unknown value
RBX=0x0000000000000000 is an unknown value
RCX=0x0000000000000000 is an unknown value
RDX=0x000000001b74ef30 is an unknown value
RSP=0x0000000018e8dae0 is pointing into the stack for thread: 0x0000000018170800
RBP=0x000000001b74ef30 is an unknown value
RSI=0x000000001bdfc3e0 is an unknown value
RDI=0x0000000000000100 is an unknown value
R8 =0x0000000000000000 is an unknown value
R9 =0x0000000000000000 is an unknown value
R10=0x0000000000000000 is an unknown value
R11=0x0000000000000064 is an unknown value
R12=0x000000001b74ef30 is an unknown value
R13=0x000000001a4e4020 is an unknown value
R14=0x00000000001ffe00 is an unknown value
R15=0x00000000005d0c40 is an unknown value


Stack: [0x0000000018d90000,0x0000000018e90000],  sp=0x0000000018e8dae0,  free space=1014k
Native frames: (J=compiled Java code, j=interpreted, Vv=VM code, C=native code)
C  [atio6axx.dll+0xbb8461]
C  [atio6axx.dll+0xbb81b0]
C  [atio6axx.dll+0xb72935]
C  [atio6axx.dll+0xb72c11]
C  [atio6axx.dll+0xb7377e]
C  [atio6axx.dll+0xb7312b]
C  [atio6axx.dll+0xb22e34]
C  [atio6axx.dll+0xb23fae]
C  [atio6axx.dll+0x1798bb0]
C  [atio6axx.dll+0xd91145]
C  [atio6axx.dll+0x293f62]
C  [atio6axx.dll+0x1b56d5]
C  [atio6axx.dll+0x36e5e9]
C  [atio6axx.dll+0x365a91]
C  [atio6axx.dll+0x720dda]
C  0x00000000025fc10f

Java frames: (J=compiled Java code, j=interpreted, Vv=VM code)
J 428  org.lwjgl.opengl.GL11.nglBindTexture(IIJ)V (0 bytes) @ 0x00000000025fc089 [0x00000000025fc040+0x49]
J 534 C2 com.mygdx.sss.MapPiece.draw(Lcom/badlogic/gdx/graphics/g2d/SpriteBatch;I)V (38 bytes) @ 0x00000000026465ec [0x00000000026464a0+0x14c]
J 670 C2 com.mygdx.sss.Map.draw(Lcom/badlogic/gdx/graphics/g2d/SpriteBatch;)V (47 bytes) @ 0x0000000002699c68 [0x0000000002699be0+0x88]
J 834 C1 com.mygdx.sss.ScrollingShooter.render()V (136 bytes) @ 0x000000000272479c [0x0000000002723520+0x127c]
j  com.badlogic.gdx.backends.lwjgl.LwjglApplication.mainLoop()V+698
j  com.badlogic.gdx.backends.lwjgl.LwjglApplication$1.run()V+27
v  ~StubRoutines::call_stub

---------------  P R O C E S S  ---------------

Java Threads: ( => current thread )
  0x000000001900f800 JavaThread "LWJGL Timer" daemon [_thread_blocked, id=10940, stack(0x000000001edb0000,0x000000001eeb0000)]
  0x0000000000a6e800 JavaThread "DestroyJavaVM" [_thread_blocked, id=8628, stack(0x0000000000b70000,0x0000000000c70000)]
=>0x0000000018170800 JavaThread "LWJGL Application" [_thread_in_native, id=5756, stack(0x0000000018d90000,0x0000000018e90000)]
  0x0000000017e9b800 JavaThread "Service Thread" daemon [_thread_blocked, id=10876, stack(0x0000000018270000,0x0000000018370000)]
  0x0000000016628800 JavaThread "C1 CompilerThread2" daemon [_thread_blocked, id=5544, stack(0x0000000017d70000,0x0000000017e70000)]
  0x0000000016625800 JavaThread "C2 CompilerThread1" daemon [_thread_blocked, id=6648, stack(0x0000000017c70000,0x0000000017d70000)]
  0x000000001661e000 JavaThread "C2 CompilerThread0" daemon [_thread_blocked, id=10384, stack(0x0000000017b70000,0x0000000017c70000)]
  0x000000001661c800 JavaThread "Attach Listener" daemon [_thread_blocked, id=9136, stack(0x0000000017a70000,0x0000000017b70000)]
  0x000000001661b000 JavaThread "Signal Dispatcher" daemon [_thread_blocked, id=6644, stack(0x0000000017970000,0x0000000017a70000)]
  0x000000001660a800 JavaThread "Finalizer" daemon [_thread_blocked, id=6308, stack(0x0000000017870000,0x0000000017970000)]
  0x0000000000d60800 JavaThread "Reference Handler" daemon [_thread_blocked, id=4524, stack(0x0000000017770000,0x0000000017870000)]

Other Threads:
  0x00000000165e7800 VMThread [stack: 0x0000000017670000,0x0000000017770000] [id=7612]
  0x0000000017eaf000 WatcherThread [stack: 0x0000000018370000,0x0000000018470000] [id=7744]

VM state:not at safepoint (normal execution)

VM Mutex/Monitor currently owned by a thread: None

Heap:
 PSYoungGen      total 34816K, used 30000K [0x00000000d9a00000, 0x00000000dc080000, 0x0000000100000000)
  eden space 30208K, 88% used [0x00000000d9a00000,0x00000000db4234a0,0x00000000db780000)
  from space 4608K, 70% used [0x00000000db780000,0x00000000dbaa8d08,0x00000000dbc00000)
  to   space 4608K, 0% used [0x00000000dbc00000,0x00000000dbc00000,0x00000000dc080000)
 ParOldGen       total 79360K, used 16K [0x000000008ce00000, 0x0000000091b80000, 0x00000000d9a00000)
  object space 79360K, 0% used [0x000000008ce00000,0x000000008ce04000,0x0000000091b80000)
 Metaspace       used 6790K, capacity 7107K, committed 7424K, reserved 1056768K
  class space    used 606K, capacity 656K, committed 768K, reserved 1048576K

Card table byte_map: [0x00000000117b0000,0x0000000011b50000] byte_map_base: 0x0000000011349000

Marking Bits: (ParMarkBitMap*) 0x0000000068000600
 Begin Bits: [0x0000000011f50000, 0x0000000013c18000)
 End Bits:   [0x0000000013c18000, 0x00000000158e0000)

Polling page: 0x0000000000510000

CodeCache: size=245760Kb used=3798Kb max_used=3811Kb free=241961Kb
 bounds [0x00000000023f0000, 0x00000000027b0000, 0x00000000113f0000]
 total_blobs=1438 nmethods=987 adapters=365
 compilation: enabled

Compilation events (10 events):
Event: 40.269 Thread 0x0000000016628800 nmethod 982 0x000000000279c6d0 code [0x000000000279cb20, 0x000000000279f2f8]
Event: 40.346 Thread 0x0000000016628800  983       3       sun.misc.FloatingDecimal$BinaryToASCIIBuffer::getChars (502 bytes)
Event: 40.349 Thread 0x0000000016628800 nmethod 983 0x000000000279aad0 code [0x000000000279ad40, 0x000000000279bd98]
Event: 40.375 Thread 0x000000001661e000 nmethod 981 0x00000000027a5910 code [0x00000000027a5f20, 0x00000000027a8b90]
Event: 40.912 Thread 0x0000000016628800  985       3       org.lwjgl.opengl.WindowsMouse::putMouseEventWithCoords (61 bytes)
Event: 40.913 Thread 0x0000000016628800 nmethod 985 0x0000000002799cd0 code [0x0000000002799ec0, 0x000000000279a708]
Event: 40.913 Thread 0x0000000016628800  987       3       com.badlogic.gdx.backends.lwjgl.LwjglInput::toGdxButton (36 bytes)
Event: 40.913 Thread 0x0000000016628800 nmethod 987 0x0000000002795190 code [0x0000000002795300, 0x00000000027955d0]
Event: 40.913 Thread 0x0000000016628800  986   !   3       org.lwjgl.opengl.WindowsDisplay::resetCursorClipping (41 bytes)
Event: 40.914 Thread 0x0000000016628800 nmethod 986 0x00000000027a4890 code [0x00000000027a4aa0, 0x00000000027a5528]

GC Heap History (2 events):
Event: 16.395 GC heap before
{Heap before GC invocations=1 (full 0):
 PSYoungGen      total 34816K, used 30208K [0x00000000d9a00000, 0x00000000dc080000, 0x0000000100000000)
  eden space 30208K, 100% used [0x00000000d9a00000,0x00000000db780000,0x00000000db780000)
  from space 4608K, 0% used [0x00000000dbc00000,0x00000000dbc00000,0x00000000dc080000)
  to   space 4608K, 0% used [0x00000000db780000,0x00000000db780000,0x00000000dbc00000)
 ParOldGen       total 79360K, used 0K [0x000000008ce00000, 0x0000000091b80000, 0x00000000d9a00000)
  object space 79360K, 0% used [0x000000008ce00000,0x000000008ce00000,0x0000000091b80000)
 Metaspace       used 6750K, capacity 7107K, committed 7424K, reserved 1056768K
  class space    used 606K, capacity 656K, committed 768K, reserved 1048576K
Event: 16.404 GC heap after
Heap after GC invocations=1 (full 0):
 PSYoungGen      total 34816K, used 3235K [0x00000000d9a00000, 0x00000000dc080000, 0x0000000100000000)
  eden space 30208K, 0% used [0x00000000d9a00000,0x00000000d9a00000,0x00000000db780000)
  from space 4608K, 70% used [0x00000000db780000,0x00000000dbaa8d08,0x00000000dbc00000)
  to   space 4608K, 0% used [0x00000000dbc00000,0x00000000dbc00000,0x00000000dc080000)
 ParOldGen       total 79360K, used 16K [0x000000008ce00000, 0x0000000091b80000, 0x00000000d9a00000)
  object space 79360K, 0% used [0x000000008ce00000,0x000000008ce04000,0x0000000091b80000)
 Metaspace       used 6750K, capacity 7107K, committed 7424K, reserved 1056768K
  class space    used 606K, capacity 656K, committed 768K, reserved 1048576K
}

Deoptimization events (7 events):
Event: 4.237 Thread 0x0000000018170800 Uncommon trap: reason=unstable_if action=reinterpret pc=0x0000000002698254 method=com.mygdx.sss.ScrollingShooter.checkPlayer()V @ 230
Event: 9.169 Thread 0x0000000018170800 Uncommon trap: reason=unstable_if action=reinterpret pc=0x00000000026c2590 method=com.mygdx.sss.ScrollingShooter.checkPlayer()V @ 68
Event: 15.587 Thread 0x0000000018170800 Uncommon trap: reason=unstable_if action=reinterpret pc=0x0000000002732b8c method=com.mygdx.sss.ScrollingShooter.checkPlayer()V @ 13
Event: 17.228 Thread 0x0000000018170800 Uncommon trap: reason=unstable_if action=reinterpret pc=0x000000000273a378 method=sun.misc.FloatingDecimal$BinaryToASCIIBuffer.dtoa(IJIZ)V @ 386
Event: 19.004 Thread 0x0000000018170800 Uncommon trap: reason=unstable_if action=reinterpret pc=0x000000000275234c method=com.mygdx.sss.ScrollingShooter.checkPlayer()V @ 123
Event: 39.780 Thread 0x0000000018170800 Uncommon trap: reason=unstable_if action=reinterpret pc=0x0000000002768ffc method=sun.misc.FloatingDecimal$BinaryToASCIIBuffer.dtoa(IJIZ)V @ 116
Event: 39.780 Thread 0x0000000018170800 Uncommon trap: reason=unstable_if action=reinterpret pc=0x00000000027646ac method=sun.misc.FloatingDecimal$BinaryToASCIIBuffer.getChars([C)I @ 150

Internal exceptions (10 events):
Event: 0.244 Thread 0x0000000000a6e800 Exception <a 'java/security/PrivilegedActionException'> (0x00000000d9c974d8) thrown at [C:\re\workspace\8-2-build-windows-amd64-cygwin\jdk8u72\5732\hotspot\src\share\vm\prims\jvm.cpp, line 1386]
Event: 0.244 Thread 0x0000000000a6e800 Exception <a 'java/security/PrivilegedActionException'> (0x00000000d9c976e8) thrown at [C:\re\workspace\8-2-build-windows-amd64-cygwin\jdk8u72\5732\hotspot\src\share\vm\prims\jvm.cpp, line 1386]
Event: 0.245 Thread 0x0000000000a6e800 Exception <a 'java/security/PrivilegedActionException'> (0x00000000d9c9b530) thrown at [C:\re\workspace\8-2-build-windows-amd64-cygwin\jdk8u72\5732\hotspot\src\share\vm\prims\jvm.cpp, line 1386]
Event: 0.245 Thread 0x0000000000a6e800 Exception <a 'java/security/PrivilegedActionException'> (0x00000000d9c9b740) thrown at [C:\re\workspace\8-2-build-windows-amd64-cygwin\jdk8u72\5732\hotspot\src\share\vm\prims\jvm.cpp, line 1386]
Event: 0.411 Thread 0x0000000000a6e800 Exception <a 'java/security/PrivilegedActionException'> (0x00000000d9dd7be0) thrown at [C:\re\workspace\8-2-build-windows-amd64-cygwin\jdk8u72\5732\hotspot\src\share\vm\prims\jvm.cpp, line 1386]
Event: 0.411 Thread 0x0000000000a6e800 Exception <a 'java/security/PrivilegedActionException'> (0x00000000d9dd98b8) thrown at [C:\re\workspace\8-2-build-windows-amd64-cygwin\jdk8u72\5732\hotspot\src\share\vm\prims\jvm.cpp, line 1386]
Event: 0.411 Thread 0x0000000000a6e800 Exception <a 'java/security/PrivilegedActionException'> (0x00000000d9ddaa28) thrown at [C:\re\workspace\8-2-build-windows-amd64-cygwin\jdk8u72\5732\hotspot\src\share\vm\prims\jvm.cpp, line 1386]
Event: 0.411 Thread 0x0000000000a6e800 Exception <a 'java/security/PrivilegedActionException'> (0x00000000d9ddfb90) thrown at [C:\re\workspace\8-2-build-windows-amd64-cygwin\jdk8u72\5732\hotspot\src\share\vm\prims\jvm.cpp, line 1386]
Event: 0.411 Thread 0x0000000000a6e800 Exception <a 'java/security/PrivilegedActionException'> (0x00000000d9de07e8) thrown at [C:\re\workspace\8-2-build-windows-amd64-cygwin\jdk8u72\5732\hotspot\src\share\vm\prims\jvm.cpp, line 1386]
Event: 0.411 Thread 0x0000000000a6e800 Exception <a 'java/security/PrivilegedActionException'> (0x00000000d9de1410) thrown at [C:\re\workspace\8-2-build-windows-amd64-cygwin\jdk8u72\5732\hotspot\src\share\vm\prims\jvm.cpp, line 1386]

Events (10 events):
Event: 19.637 Thread 0x0000000018170800 DEOPT PACKING pc=0x00000000027596c0 sp=0x0000000018e8ee50
Event: 19.637 Thread 0x0000000018170800 DEOPT UNPACKING pc=0x000000000243747f sp=0x0000000018e8eb70 mode 0
Event: 19.804 Thread 0x0000000018170800 DEOPT PACKING pc=0x00000000027596c0 sp=0x0000000018e8ee50
Event: 19.804 Thread 0x0000000018170800 DEOPT UNPACKING pc=0x000000000243747f sp=0x0000000018e8eb70 mode 0
Event: 39.780 Thread 0x0000000018170800 Uncommon trap: trap_request=0xffffff65 fr.pc=0x0000000002768ffc
Event: 39.780 Thread 0x0000000018170800 DEOPT PACKING pc=0x0000000002768ffc sp=0x0000000018e8ec70
Event: 39.780 Thread 0x0000000018170800 DEOPT UNPACKING pc=0x000000000243582a sp=0x0000000018e8eb40 mode 2
Event: 39.780 Thread 0x0000000018170800 Uncommon trap: trap_request=0xffffff65 fr.pc=0x00000000027646ac
Event: 39.780 Thread 0x0000000018170800 DEOPT PACKING pc=0x00000000027646ac sp=0x0000000018e8ec10
Event: 39.780 Thread 0x0000000018170800 DEOPT UNPACKING pc=0x000000000243582a sp=0x0000000018e8ebd8 mode 2


Dynamic libraries:
0x00007ff76bbe0000 - 0x00007ff76bc17000 	C:\Program Files\Java\jdk1.8.0_72\bin\java.exe
0x00007ff9dcd10000 - 0x00007ff9dced1000 	C:\WINDOWS\SYSTEM32\ntdll.dll
0x00007ff9dcb30000 - 0x00007ff9dcbdd000 	C:\WINDOWS\system32\KERNEL32.DLL
0x00007ff9c2bb0000 - 0x00007ff9c2be3000 	C:\Program Files (x86)\AVG\Av\avghooka.dll
0x00007ff9d9e60000 - 0x00007ff9da048000 	C:\WINDOWS\system32\KERNELBASE.dll
0x00007ff9daf10000 - 0x00007ff9dafb7000 	C:\WINDOWS\system32\ADVAPI32.dll
0x00007ff9db150000 - 0x00007ff9db1ed000 	C:\WINDOWS\system32\msvcrt.dll
0x00007ff9da3b0000 - 0x00007ff9da40b000 	C:\WINDOWS\system32\sechost.dll
0x00007ff9da1c0000 - 0x00007ff9da2dc000 	C:\WINDOWS\system32\RPCRT4.dll
0x00007ff9dc9d0000 - 0x00007ff9dcb26000 	C:\WINDOWS\system32\USER32.dll
0x00007ff9dafc0000 - 0x00007ff9db146000 	C:\WINDOWS\system32\GDI32.dll
0x00007ff9cb5e0000 - 0x00007ff9cb854000 	C:\WINDOWS\WinSxS\amd64_microsoft.windows.common-controls_6595b64144ccf1df_6.0.10586.0_none_8c15ae12515e1c22\COMCTL32.dll
0x00007ff9db1f0000 - 0x00007ff9db46d000 	C:\WINDOWS\system32\combase.dll
0x00007ff9d9df0000 - 0x00007ff9d9e5a000 	C:\WINDOWS\system32\bcryptPrimitives.dll
0x00007ff9da410000 - 0x00007ff9da44b000 	C:\WINDOWS\system32\IMM32.DLL
0x0000000068980000 - 0x0000000068a52000 	C:\Program Files\Java\jdk1.8.0_72\jre\bin\msvcr100.dll
0x00000000677f0000 - 0x0000000068080000 	C:\Program Files\Java\jdk1.8.0_72\jre\bin\server\jvm.dll
0x00007ff9da810000 - 0x00007ff9da818000 	C:\WINDOWS\system32\PSAPI.DLL
0x00007ff9d2990000 - 0x00007ff9d2999000 	C:\WINDOWS\SYSTEM32\WSOCK32.dll
0x00007ff9da4c0000 - 0x00007ff9da52b000 	C:\WINDOWS\system32\WS2_32.dll
0x00007ff9d7920000 - 0x00007ff9d7943000 	C:\WINDOWS\SYSTEM32\WINMM.dll
0x00007ff9d5e10000 - 0x00007ff9d5e1a000 	C:\WINDOWS\SYSTEM32\VERSION.dll
0x00007ff9d7600000 - 0x00007ff9d762c000 	C:\WINDOWS\SYSTEM32\WINMMBASE.dll
0x00007ff9d9da0000 - 0x00007ff9d9de3000 	C:\WINDOWS\system32\cfgmgr32.dll
0x0000000068930000 - 0x000000006893f000 	C:\Program Files\Java\jdk1.8.0_72\jre\bin\verify.dll
0x0000000068900000 - 0x0000000068929000 	C:\Program Files\Java\jdk1.8.0_72\jre\bin\java.dll
0x00000000688e0000 - 0x00000000688f6000 	C:\Program Files\Java\jdk1.8.0_72\jre\bin\zip.dll
0x00007ff9db470000 - 0x00007ff9dc9cc000 	C:\WINDOWS\system32\SHELL32.dll
0x00007ff9d9750000 - 0x00007ff9d9d95000 	C:\WINDOWS\system32\windows.storage.dll
0x00007ff9dcbe0000 - 0x00007ff9dcc32000 	C:\WINDOWS\system32\shlwapi.dll
0x00007ff9d9380000 - 0x00007ff9d938f000 	C:\WINDOWS\system32\kernel.appcore.dll
0x00007ff9da050000 - 0x00007ff9da105000 	C:\WINDOWS\system32\shcore.dll
0x00007ff9d9330000 - 0x00007ff9d937b000 	C:\WINDOWS\system32\powrprof.dll
0x00007ff9d93a0000 - 0x00007ff9d93b4000 	C:\WINDOWS\system32\profapi.dll
0x0000000065580000 - 0x0000000065616000 	C:\Users\Akeem Davis\AppData\Local\Temp\libgdxAkeem Davis\f78d4dc2\gdx64.dll
0x00007ff9d8cb0000 - 0x00007ff9d8cc7000 	C:\WINDOWS\SYSTEM32\CRYPTSP.dll
0x00007ff9d8940000 - 0x00007ff9d8974000 	C:\WINDOWS\system32\rsaenh.dll
0x00007ff9d9260000 - 0x00007ff9d9289000 	C:\WINDOWS\SYSTEM32\bcrypt.dll
0x00007ff9d8a90000 - 0x00007ff9d8aaf000 	C:\WINDOWS\SYSTEM32\USERENV.dll
0x00007ff9d8dd0000 - 0x00007ff9d8ddb000 	C:\WINDOWS\SYSTEM32\CRYPTBASE.dll
0x00000000688c0000 - 0x00000000688da000 	C:\Program Files\Java\jdk1.8.0_72\jre\bin\net.dll
0x00007ff9d8c00000 - 0x00007ff9d8c5c000 	C:\WINDOWS\system32\mswsock.dll
0x00007ff9d2b20000 - 0x00007ff9d2b58000 	C:\WINDOWS\SYSTEM32\IPHLPAPI.DLL
0x00007ff9dcca0000 - 0x00007ff9dcca8000 	C:\WINDOWS\system32\NSI.dll
0x00007ff9d29c0000 - 0x00007ff9d29d6000 	C:\WINDOWS\SYSTEM32\dhcpcsvc6.DLL
0x00007ff9d29a0000 - 0x00007ff9d29ba000 	C:\WINDOWS\SYSTEM32\dhcpcsvc.DLL
0x00000000688a0000 - 0x00000000688b1000 	C:\Program Files\Java\jdk1.8.0_72\jre\bin\nio.dll
0x0000000180000000 - 0x0000000180053000 	C:\Users\Akeem Davis\AppData\Local\Temp\libgdxAkeem Davis\dc0f0009\lwjgl64.dll
0x00007ff9c4cb0000 - 0x00007ff9c4dd9000 	C:\WINDOWS\SYSTEM32\OPENGL32.dll
0x00007ff9d3530000 - 0x00007ff9d355e000 	C:\WINDOWS\SYSTEM32\GLU32.dll
0x00007ff9c43f0000 - 0x00007ff9c44ea000 	C:\WINDOWS\SYSTEM32\DDRAW.dll
0x00007ff9d7420000 - 0x00007ff9d7428000 	C:\WINDOWS\SYSTEM32\DCIMAN32.dll
0x00000000187b0000 - 0x0000000018814000 	C:\Users\AKEEMD~1\AppData\Local\Temp\libgdxAkeem Davis\dc0f0009\OpenAL64.dll
0x00007ff9da6a0000 - 0x00007ff9da7e3000 	C:\WINDOWS\system32\ole32.dll
0x00007ff9d7c40000 - 0x00007ff9d7cd6000 	C:\WINDOWS\system32\uxtheme.dll
0x00007ff9da110000 - 0x00007ff9da1b7000 	C:\WINDOWS\system32\clbcatq.dll
0x00007ff9d6f40000 - 0x00007ff9d70c6000 	C:\WINDOWS\System32\PROPSYS.dll
0x00007ff9da2e0000 - 0x00007ff9da3a1000 	C:\WINDOWS\system32\OLEAUT32.dll
0x00007ff9c7390000 - 0x00007ff9c742c000 	C:\WINDOWS\SYSTEM32\dsound.dll
0x00007ff9d4a10000 - 0x00007ff9d4a80000 	C:\WINDOWS\System32\MMDevApi.dll
0x00007ff9d7d50000 - 0x00007ff9d7d77000 	C:\WINDOWS\System32\DEVOBJ.dll
0x00007ff9d1e60000 - 0x00007ff9d1ee8000 	C:\WINDOWS\SYSTEM32\AUDIOSES.DLL
0x00007ff9d5140000 - 0x00007ff9d5276000 	C:\WINDOWS\SYSTEM32\wintypes.dll
0x00007ff9da540000 - 0x00007ff9da69a000 	C:\WINDOWS\system32\MSCTF.dll
0x00007ff9d6790000 - 0x00007ff9d67b2000 	C:\WINDOWS\system32\dwmapi.dll
0x00007ff9d4880000 - 0x00007ff9d4898000 	C:\WINDOWS\SYSTEM32\atig6pxx.dll
0x00000000659f0000 - 0x00000000677ed000 	C:\WINDOWS\SYSTEM32\atio6axx.dll
0x00007ff9da930000 - 0x00007ff9dad59000 	C:\WINDOWS\system32\SETUPAPI.dll
0x00007ff9c42a0000 - 0x00007ff9c43e1000 	C:\WINDOWS\SYSTEM32\atiadlxx.dll
0x00007ff9d6f00000 - 0x00007ff9d6f13000 	C:\WINDOWS\SYSTEM32\WTSAPI32.dll
0x00007ff9d93c0000 - 0x00007ff9d9415000 	C:\WINDOWS\system32\WINTRUST.dll
0x00007ff9d9390000 - 0x00007ff9d93a0000 	C:\WINDOWS\system32\MSASN1.dll
0x00007ff9d9580000 - 0x00007ff9d9747000 	C:\WINDOWS\system32\CRYPT32.dll
0x00007ff9d3360000 - 0x00007ff9d338c000 	C:\WINDOWS\SYSTEM32\atig6txx.dll
0x00007ff9c4540000 - 0x00007ff9c45d1000 	C:\WINDOWS\SYSTEM32\mscms.dll
0x00007ff9c9610000 - 0x00007ff9c9652000 	C:\WINDOWS\SYSTEM32\icm32.dll
0x00007ff9c5000000 - 0x00007ff9c518c000 	C:\WINDOWS\SYSTEM32\dbghelp.dll

VM Arguments:
jvm_args: -Dfile.encoding=windows-1252 -Duser.country=US -Duser.language=en -Duser.variant 
java_command: com.mygdx.sss.desktop.DesktopLauncher
java_class_path (initial): C:\Users\Akeem Davis\Documents\Libgdx\ScrollingShooter\desktop\build\classes\main;C:\Users\Akeem Davis\Documents\Libgdx\ScrollingShooter\desktop\build\resources\main;C:\Users\Akeem Davis\Documents\Libgdx\ScrollingShooter\core\build\libs\core-1.0.jar;C:\Users\Akeem Davis\.gradle\caches\modules-2\files-2.1\com.badlogicgames.gdx\gdx-backend-lwjgl\1.9.1\44e1e89d95df3f095bc0da62688f28f622f52c10\gdx-backend-lwjgl-1.9.1.jar;C:\Users\Akeem Davis\.gradle\caches\modules-2\files-2.1\com.badlogicgames.gdx\gdx-platform\1.9.1\884d35692d1008feb2639dfceb6bb4cddaa28565\gdx-platform-1.9.1-natives-desktop.jar;C:\Users\Akeem Davis\.gradle\caches\modules-2\files-2.1\com.badlogicgames.gdx\gdx-box2d-platform\1.9.1\f20f0f3fbc65d2d4da1147d7e0e6564e05d8b7d9\gdx-box2d-platform-1.9.1-natives-desktop.jar;C:\Users\Akeem Davis\.gradle\caches\modules-2\files-2.1\com.badlogicgames.gdx\gdx\1.9.1\41e844a4849872fdb9c33f3f2790e356f907f491\gdx-1.9.1.jar;C:\Users\Akeem Davis\.gradle\caches\modules-2\files-2.1\com.badlogicgames.gdx\gdx-box2d\1.9.1\efc80b7e8a239404fdcb9816c9d3bad168e148c2\gdx-box2d-1.9.1.jar;C:\Users\Akeem Davis\.gradle\caches\modules-2\files-2.1\com.badlogicgames.gdx\gdx-ai\1.8.0\ec30677d8ab1a8b8aa4b853c5f4e4b1361f50bf5\gdx-ai-1.8.0.jar;C:\Users\Akeem Davis\.gradle\caches\modules-2\files-2.1\com.badlogicgames.ashley\ashley\1.7.0\a7c4083c0a42027a3c03ba7ccecef6cbe1c5f0a4\ashley-1.7.0.jar;C:\Users\Akeem Davis\.gradle\caches\modules-2\files-2.1\org.lwjgl.lwjgl\lwjgl\2.9.2\a9d80fe5935c7a9149f6584d9777cfd471f65489\lwjgl-2.9.2.jar;C:\Users\Akeem Davis\.gradle\caches\modules-2\files-2.1\org.lwjgl.lwjgl\lwjgl_util\2.9.2\4b9e37300a87799856e0bd15ed81663cdb6b0947\lwjgl_util-2.9.2.jar;C:\Users\Akeem Davis\.gradle\caches\modules-2\files-2.1\com.badlogicgames.jlayer\jlayer\1.0.1-gdx\7cca83cec5c1b2f011362f4d85aabd71a73b049d\jlayer-1.0.1-gdx.jar;C:\Users\Akeem Davis\.gradle\caches\modules-2\files-2.1\org.jcraft\jorbis\0.0.17\8872d22b293e8f5d7d56ff92be966e6dc28ebdc6\jorbis-0.0.
Launcher Type: SUN_STANDARD

Environment Variables:
PATH=C:\Program Files (x86)\NVIDIA Corporation\PhysX\Common;C:\ProgramData\Oracle\Java\javapath;C:\WINDOWS\system32;C:\WINDOWS;C:\WINDOWS\System32\Wbem;C:\WINDOWS\System32\WindowsPowerShell\v1.0\;C:\Program Files\Java\jdk1.8.0_72\bin;C:\Program Files\Git\cmd
USERNAME=Akeem Davis
OS=Windows_NT
PROCESSOR_IDENTIFIER=AMD64 Family 21 Model 19 Stepping 1, AuthenticAMD



---------------  S Y S T E M  ---------------

OS: Windows 10.0 , 64 bit Build 10586 (10.0.10586.0)

CPU:total 4 (4 cores per cpu, 1 threads per core) family 21 model 19 stepping 1, cmov, cx8, fxsr, mmx, sse, sse2, sse3, ssse3, sse4.1, sse4.2, popcnt, avx, aes, clmul, mmxext, 3dnowpref, lzcnt, sse4a, tsc, tscinvbit, tscinv, bmi1

Memory: 4k page, physical 7543048k(895904k free), swap 11811360k(1269340k free)

vm_info: Java HotSpot(TM) 64-Bit Server VM (25.72-b15) for windows-amd64 JRE (1.8.0_72-b15), built on Dec 22 2015 19:16:16 by "java_re" with MS VC++ 10.0 (VS2010)

time: Mon May 02 17:26:05 2016
elapsed time: 41 seconds (0d 0h 0m 41s)

